Build started 11/09/2014 12:04:52.
     1>Project "C:\Users\Displax\Documents\Visual Studio 2013\Projects\IRTrack\IRTrack\IRTrack.vcxproj" on node 2 (Build target(s)).
     1>ClCompile:
         C:\Program Files (x86)\Microsoft Visual Studio 12.0\VC\bin\CL.exe /c /I"C:\Program Files\Phidgets" /IC:\opencv249\build\include /I"C:\Program Files (x86)\OptiTrack\Camera SDK\include" /IC:\opencv249\build\include /ZI /nologo /W3 /WX- /sdl /Od /Oy- /D WIN32 /D _DEBUG /D _CONSOLE /D _LIB /D _UNICODE /D UNICODE /Gm /EHsc /RTC1 /MDd /GS /fp:precise /Zc:wchar_t /Zc:forScope /Yu"stdafx.h" /Fp"Debug\IRTrack.pch" /Fo"Debug\\" /Fd"Debug\vc120.pdb" /Gd /TP /analyze- /errorReport:prompt IRTrack.cpp
         IRTrack.cpp
     1>c:\users\displax\documents\visual studio 2013\projects\irtrack\irtrack\irtrack.cpp(44): warning C4018: '<' : signed/unsigned mismatch
     1>c:\users\displax\documents\visual studio 2013\projects\irtrack\irtrack\irtrack.cpp(117): warning C4244: 'initializing' : conversion from 'double' to 'float', possible loss of data
     1>c:\users\displax\documents\visual studio 2013\projects\irtrack\irtrack\irtrack.cpp(120): warning C4244: 'initializing' : conversion from 'double' to 'float', possible loss of data
     1>c:\users\displax\documents\visual studio 2013\projects\irtrack\irtrack\irtrack.cpp(126): warning C4244: 'initializing' : conversion from 'double' to 'float', possible loss of data
     1>c:\users\displax\documents\visual studio 2013\projects\irtrack\irtrack\irtrack.cpp(141): warning C4244: 'initializing' : conversion from 'int' to 'float', possible loss of data
     1>c:\users\displax\documents\visual studio 2013\projects\irtrack\irtrack\irtrack.cpp(142): warning C4244: 'initializing' : conversion from 'int' to 'float', possible loss of data
     1>c:\users\displax\documents\visual studio 2013\projects\irtrack\irtrack\irtrack.cpp(143): warning C4244: 'argument' : conversion from 'float' to 'int', possible loss of data
     1>c:\users\displax\documents\visual studio 2013\projects\irtrack\irtrack\irtrack.cpp(219): warning C4244: '=' : conversion from 'double' to 'float', possible loss of data
     1>c:\users\displax\documents\visual studio 2013\projects\irtrack\irtrack\irtrack.cpp(299): warning C4244: 'argument' : conversion from 'float' to 'int', possible loss of data
     1>c:\users\displax\documents\visual studio 2013\projects\irtrack\irtrack\irtrack.cpp(303): warning C4244: 'argument' : conversion from 'float' to 'int', possible loss of data
     1>c:\users\displax\documents\visual studio 2013\projects\irtrack\irtrack\irtrack.cpp(364): error C2065: 'a' : undeclared identifier
     1>c:\users\displax\documents\visual studio 2013\projects\irtrack\irtrack\irtrack.cpp(365): error C2065: 'b' : undeclared identifier
     1>c:\users\displax\documents\visual studio 2013\projects\irtrack\irtrack\irtrack.cpp(370): error C2065: 'a' : undeclared identifier
     1>c:\users\displax\documents\visual studio 2013\projects\irtrack\irtrack\irtrack.cpp(370): error C2065: 'b' : undeclared identifier
     1>c:\users\displax\documents\visual studio 2013\projects\irtrack\irtrack\irtrack.cpp(370): error C2661: 'Coordinate::Coordinate' : no overloaded function takes 4 arguments
     1>c:\users\displax\documents\visual studio 2013\projects\irtrack\irtrack\irtrack.cpp(373): warning C4018: '<' : signed/unsigned mismatch
     1>c:\users\displax\documents\visual studio 2013\projects\irtrack\irtrack\irtrack.cpp(405): error C2065: 'k' : undeclared identifier
     1>Done Building Project "C:\Users\Displax\Documents\Visual Studio 2013\Projects\IRTrack\IRTrack\IRTrack.vcxproj" (Build target(s)) -- FAILED.

Build FAILED.

Time Elapsed 00:00:02.06
