Build started 08/09/2014 11:22:57.
     1>Project "C:\Users\Displax\Documents\Visual Studio 2013\Projects\IRTrack\IRTrack\IRTrack.vcxproj" on node 2 (Build target(s)).
     1>ClCompile:
         C:\Program Files (x86)\Microsoft Visual Studio 12.0\VC\bin\CL.exe /c /I"C:\Program Files\Phidgets" /I"C:\Program Files (x86)\OptiTrack\Camera SDK\include" /IC:\opencv249\build\include /Zi /nologo /W3 /WX- /sdl /O2 /Oi /Oy- /GL /D WIN32 /D NDEBUG /D _CONSOLE /D _LIB /D _UNICODE /D UNICODE /Gm- /EHsc /MD /GS /Gy /fp:precise /Zc:wchar_t /Zc:forScope /Yu"stdafx.h" /Fp"Release\IRTrack.pch" /Fo"Release\\" /Fd"Release\vc120.pdb" /Gd /TP /analyze- /errorReport:prompt IRTrack.cpp
         IRTrack.cpp
     1>IRTrack.cpp(43): warning C4018: '<' : signed/unsigned mismatch
     1>IRTrack.cpp(116): warning C4244: 'initializing' : conversion from 'double' to 'float', possible loss of data
     1>IRTrack.cpp(119): warning C4244: 'initializing' : conversion from 'double' to 'float', possible loss of data
     1>IRTrack.cpp(125): warning C4244: 'initializing' : conversion from 'double' to 'float', possible loss of data
     1>IRTrack.cpp(140): warning C4244: 'initializing' : conversion from 'int' to 'float', possible loss of data
     1>IRTrack.cpp(141): warning C4244: 'initializing' : conversion from 'int' to 'float', possible loss of data
     1>IRTrack.cpp(142): warning C4244: 'argument' : conversion from 'float' to 'int', possible loss of data
     1>IRTrack.cpp(286): warning C4244: 'argument' : conversion from 'float' to 'int', possible loss of data
     1>IRTrack.cpp(290): warning C4244: 'argument' : conversion from 'float' to 'int', possible loss of data
     1>IRTrack.cpp(331): warning C4018: '<' : signed/unsigned mismatch
     1>IRTrack.cpp(199): warning C4101: 'imageBuffer2' : unreferenced local variable
       Link:
         C:\Program Files (x86)\Microsoft Visual Studio 12.0\VC\bin\link.exe /ERRORREPORT:PROMPT /OUT:"C:\Users\Displax\Documents\Visual Studio 2013\Projects\IRTrack\Release\IRTrack.exe" /INCREMENTAL:NO /NOLOGO /LIBPATH:"C:\Program Files (x86)\OptiTrack\Camera SDK\lib" /LIBPATH:C:\opencv249\build\x86\vc12\lib CameraLibrary2005S.lib "C:\Program Files\Phidgets\x86\phidget21.lib" opencv_calib3d249.lib opencv_contrib249.lib opencv_core249.lib opencv_features2d249.lib opencv_flann249.lib opencv_gpu249.lib opencv_highgui249.lib opencv_imgproc249.lib opencv_legacy249.lib opencv_ml249.lib opencv_nonfree249.lib opencv_objdetect249.lib opencv_ocl249.lib opencv_photo249.lib opencv_stitching249.lib opencv_superres249.lib opencv_ts249.lib opencv_video249.lib opencv_videostab249.lib kernel32.lib user32.lib gdi32.lib winspool.lib comdlg32.lib advapi32.lib shell32.lib ole32.lib oleaut32.lib uuid.lib odbc32.lib odbccp32.lib /MANIFEST /MANIFESTUAC:"level='asInvoker' uiAccess='false'" /manifest:embed /DEBUG /PDB:"C:\Users\Displax\Documents\Visual Studio 2013\Projects\IRTrack\Release\IRTrack.pdb" /SUBSYSTEM:CONSOLE /OPT:REF /OPT:ICF /LTCG /TLBID:1 /DYNAMICBASE /NXCOMPAT /IMPLIB:"C:\Users\Displax\Documents\Visual Studio 2013\Projects\IRTrack\Release\IRTrack.lib" /MACHINE:X86 /SAFESEH Release\Coordinate.obj
         Release\IRTrack.obj
         Release\stdafx.obj
     1>LINK : fatal error LNK1104: cannot open file 'C:\Users\Displax\Documents\Visual Studio 2013\Projects\IRTrack\Release\IRTrack.exe'
     1>Done Building Project "C:\Users\Displax\Documents\Visual Studio 2013\Projects\IRTrack\IRTrack\IRTrack.vcxproj" (Build target(s)) -- FAILED.

Build FAILED.

Time Elapsed 00:00:02.16
